2024-08-31T06:55:29.237Z [[32minfo[39m]: HTTP POST /auth/login
2024-08-31T06:58:40.871Z [[31merror[39m]: middlewareError
2024-08-31T06:58:40.874Z [[32minfo[39m]: HTTP POST /posts
2024-08-31T06:58:50.366Z [[32minfo[39m]: HTTP POST /posts
2024-08-31T06:59:22.203Z [[32minfo[39m]: HTTP POST /posts
2024-08-31T07:01:17.084Z [[32minfo[39m]: HTTP GET /posts
2024-09-03T19:18:38.929Z [[32minfo[39m]: HTTP GET /posts
2024-09-03T19:20:09.512Z [[32minfo[39m]: HTTP GET /posts
2024-09-03T19:24:35.580Z [[32minfo[39m]: HTTP GET /posts
2024-09-03T19:27:25.926Z [[32minfo[39m]: HTTP GET /posts
2024-09-03T19:29:12.145Z [[32minfo[39m]: HTTP GET /posts
2024-09-03T19:29:57.262Z [[32minfo[39m]: HTTP GET /posts
2024-09-03T19:45:07.232Z [[32minfo[39m]: HTTP GET /posts
2024-09-03T19:59:11.205Z [[32minfo[39m]: HTTP GET /posts
2024-09-03T20:05:46.189Z [[32minfo[39m]: HTTP GET /posts
2024-09-06T17:43:01.429Z [[32minfo[39m]: HTTP GET /posts
2024-09-06T17:55:17.330Z [[32minfo[39m]: HTTP GET /posts
2024-09-06T18:35:15.967Z [[32minfo[39m]: HTTP GET /posts
2024-09-06T18:47:41.629Z [[32minfo[39m]: HTTP GET /tags
2024-09-06T18:47:41.680Z [[32minfo[39m]: HTTP GET /posts
2024-09-06T18:47:54.583Z [[32minfo[39m]: HTTP GET /tags
2024-09-06T18:47:54.617Z [[32minfo[39m]: HTTP GET /posts
2024-09-06T19:17:07.354Z [[32minfo[39m]: HTTP GET /posts/66d2bf4a99dec82ec34c6273
2024-09-06T19:17:07.422Z [[32minfo[39m]: HTTP GET /tags
2024-09-06T19:17:07.992Z [[32minfo[39m]: HTTP GET /posts
2024-09-06T19:17:08.876Z [[32minfo[39m]: HTTP GET /tags
2024-09-06T19:17:08.882Z [[32minfo[39m]: HTTP GET /posts
2024-09-06T19:17:14.432Z [[32minfo[39m]: HTTP GET /posts/66d2bf4a99dec82ec34c6273
2024-09-06T19:19:16.738Z [[32minfo[39m]: HTTP GET /tags
2024-09-06T19:19:16.793Z [[32minfo[39m]: HTTP GET /posts
2024-09-06T19:31:12.697Z [[32minfo[39m]: HTTP GET /tags
2024-09-06T19:31:12.746Z [[32minfo[39m]: HTTP GET /posts
2024-09-06T19:31:32.569Z [[32minfo[39m]: HTTP GET /tags
2024-09-06T19:31:32.621Z [[32minfo[39m]: HTTP GET /posts
2024-09-06T19:32:40.326Z [[32minfo[39m]: HTTP GET /tags
2024-09-06T19:32:40.379Z [[32minfo[39m]: HTTP GET /posts
2024-09-06T19:32:48.590Z [[32minfo[39m]: HTTP GET /tags
2024-09-06T19:32:48.638Z [[32minfo[39m]: HTTP GET /posts
2024-09-06T19:33:47.498Z [[32minfo[39m]: HTTP GET /tags
2024-09-06T19:33:47.556Z [[32minfo[39m]: HTTP GET /posts
2024-09-06T19:33:55.850Z [[32minfo[39m]: HTTP GET /tags
2024-09-06T19:33:55.898Z [[32minfo[39m]: HTTP GET /posts
2024-09-06T19:34:19.395Z [[32minfo[39m]: HTTP GET /tags
2024-09-06T19:34:19.432Z [[32minfo[39m]: HTTP GET /posts
2024-09-06T19:36:23.018Z [[32minfo[39m]: HTTP GET /tags
2024-09-06T19:36:23.064Z [[32minfo[39m]: HTTP GET /posts
2024-09-06T19:37:04.912Z [[32minfo[39m]: HTTP GET /tags
2024-09-06T19:37:04.959Z [[32minfo[39m]: HTTP GET /posts
2024-09-06T19:37:13.302Z [[32minfo[39m]: HTTP GET /tags
2024-09-06T19:37:13.350Z [[32minfo[39m]: HTTP GET /posts
2024-09-06T19:37:49.067Z [[32minfo[39m]: HTTP GET /tags
2024-09-06T19:37:49.090Z [[32minfo[39m]: HTTP GET /posts
2024-09-06T19:37:54.858Z [[32minfo[39m]: HTTP GET /posts/66d2bf4a99dec82ec34c6273
2024-09-06T19:39:09.318Z [[32minfo[39m]: HTTP GET /posts/66d2bf4a99dec82ec34c6273
2024-09-06T19:46:48.955Z [[32minfo[39m]: HTTP GET /tags
2024-09-06T19:46:49.001Z [[32minfo[39m]: HTTP GET /posts
2024-09-06T19:58:39.866Z [[32minfo[39m]: HTTP GET /posts/66d2bf4a99dec82ec34c6273
2024-09-06T19:58:47.465Z [[32minfo[39m]: HTTP GET /posts/66d2bf4a99dec82ec34c6273
2024-09-06T20:01:15.189Z [[32minfo[39m]: HTTP GET /posts/66d2bf4a99dec82ec34c6273
2024-09-06T20:01:54.421Z [[32minfo[39m]: HTTP GET /posts/66d2bf4a99dec82ec34c6273
2024-09-06T20:03:14.163Z [[32minfo[39m]: HTTP GET /posts/66d2bf4a99dec82ec34c6273
2024-09-06T20:04:18.921Z [[32minfo[39m]: HTTP GET /posts/66d2bf4a99dec82ec34c6273
2024-09-06T20:04:21.271Z [[32minfo[39m]: HTTP GET /posts/66d2bf4a99dec82ec34c6273
2024-09-06T20:04:22.333Z [[32minfo[39m]: HTTP GET /posts/66d2bf4a99dec82ec34c6273
2024-09-06T20:04:22.991Z [[32minfo[39m]: HTTP GET /posts/66d2bf4a99dec82ec34c6273
2024-09-06T20:04:23.933Z [[32minfo[39m]: HTTP GET /posts/66d2bf4a99dec82ec34c6273
2024-09-06T20:04:53.362Z [[32minfo[39m]: HTTP GET /posts/66d2bf4a99dec82ec34c6273
2024-09-09T16:06:28.957Z [[32minfo[39m]: HTTP GET /tags
2024-09-09T16:06:29.012Z [[32minfo[39m]: HTTP GET /posts
2024-09-09T16:07:56.696Z [[32minfo[39m]: HTTP POST /posts/auth/login
2024-09-09T16:09:53.726Z [[32minfo[39m]: HTTP POST /posts/auth/login
2024-09-09T16:14:14.088Z [[32minfo[39m]: HTTP POST /auth/login
2024-09-09T16:14:14.184Z [[32minfo[39m]: HTTP GET /tags
2024-09-09T16:14:14.238Z [[32minfo[39m]: HTTP GET /posts
2024-09-09T16:14:19.843Z [[32minfo[39m]: HTTP GET /tags
2024-09-09T16:14:19.886Z [[32minfo[39m]: HTTP GET /posts
2024-09-09T16:16:13.863Z [[32minfo[39m]: HTTP POST /auth/login
2024-09-09T16:16:13.954Z [[32minfo[39m]: HTTP GET /tags
2024-09-09T16:16:13.998Z [[32minfo[39m]: HTTP GET /posts
2024-09-09T18:32:09.190Z [[32minfo[39m]: HTTP GET /auth/getUser
2024-09-09T18:32:09.195Z [[32minfo[39m]: HTTP GET /auth/getUser
2024-09-09T18:32:09.657Z [[32minfo[39m]: HTTP GET /tags
2024-09-09T18:32:09.713Z [[32minfo[39m]: HTTP GET /posts
2024-09-09T18:52:45.782Z [[32minfo[39m]: HTTP GET /auth/getUser
2024-09-09T18:52:45.793Z [[32minfo[39m]: HTTP GET /auth/getUser
2024-09-09T18:52:45.831Z [[32minfo[39m]: HTTP GET /tags
2024-09-09T18:52:45.882Z [[32minfo[39m]: HTTP GET /posts
2024-09-09T18:53:04.305Z [[32minfo[39m]: HTTP POST /auth/login
2024-09-09T18:53:10.808Z [[32minfo[39m]: HTTP GET /auth/getUser
2024-09-09T18:53:10.810Z [[32minfo[39m]: HTTP GET /auth/getUser
2024-09-09T18:53:10.857Z [[32minfo[39m]: HTTP GET /tags
2024-09-09T18:53:10.908Z [[32minfo[39m]: HTTP GET /posts
2024-09-09T18:53:14.440Z [[32minfo[39m]: HTTP GET /auth/getUser
2024-09-09T18:53:14.441Z [[32minfo[39m]: HTTP GET /auth/getUser
2024-09-09T18:53:14.488Z [[32minfo[39m]: HTTP GET /tags
2024-09-09T18:53:14.542Z [[32minfo[39m]: HTTP GET /posts
2024-09-18T17:47:54.837Z [[32minfo[39m]: HTTP GET /auth/getUser
2024-09-18T17:47:54.839Z [[32minfo[39m]: HTTP GET /auth/getUser
2024-09-18T17:48:04.830Z [[32minfo[39m]: HTTP GET /posts
2024-09-18T17:48:04.831Z [[32minfo[39m]: HTTP GET /tags
2024-09-18T17:48:53.022Z [[32minfo[39m]: HTTP GET /posts
2024-09-18T17:48:53.024Z [[32minfo[39m]: HTTP GET /tags
2024-09-18T17:49:27.671Z [[32minfo[39m]: HTTP GET /auth/getUser
2024-09-18T17:49:27.677Z [[32minfo[39m]: HTTP GET /auth/getUser
2024-09-18T17:49:27.687Z [[32minfo[39m]: HTTP GET /tags
2024-09-18T17:49:27.737Z [[32minfo[39m]: HTTP GET /posts
2024-09-18T17:49:41.838Z [[32minfo[39m]: HTTP POST /auth/login
2024-09-18T17:51:48.772Z [[32minfo[39m]: HTTP GET /auth/getUser
2024-09-18T17:51:48.776Z [[32minfo[39m]: HTTP GET /auth/getUser
2024-09-18T17:51:48.792Z [[32minfo[39m]: HTTP GET /tags
2024-09-18T17:51:48.851Z [[32minfo[39m]: HTTP GET /posts
2024-09-18T17:51:58.260Z [[32minfo[39m]: HTTP POST /auth/login
2024-09-18T18:22:09.537Z [[32minfo[39m]: HTTP GET /auth/getUser
2024-09-18T18:22:09.538Z [[32minfo[39m]: HTTP GET /auth/getUser
2024-09-18T18:22:09.581Z [[32minfo[39m]: HTTP GET /tags
2024-09-18T18:22:09.632Z [[32minfo[39m]: HTTP GET /posts
2024-09-18T18:22:28.407Z [[32minfo[39m]: HTTP POST /auth/login
2024-09-18T19:41:23.797Z [[32minfo[39m]: HTTP GET /auth/getUser
2024-09-18T19:41:23.801Z [[32minfo[39m]: HTTP GET /auth/getUser
2024-09-18T19:41:24.212Z [[32minfo[39m]: HTTP GET /tags
2024-09-18T19:41:24.250Z [[32minfo[39m]: HTTP GET /posts
2024-09-18T19:41:34.738Z [[32minfo[39m]: HTTP POST /auth/login
2024-09-18T19:41:36.098Z [[32minfo[39m]: HTTP GET /auth/getUser
2024-09-18T19:41:36.102Z [[32minfo[39m]: HTTP GET /auth/getUser
2024-09-18T19:41:36.148Z [[32minfo[39m]: HTTP GET /tags
2024-09-18T19:41:36.207Z [[32minfo[39m]: HTTP GET /posts
2024-09-18T19:41:45.926Z [[32minfo[39m]: HTTP POST /auth/login
2024-09-18T19:41:57.387Z [[31merror[39m]: middlewareError
2024-09-18T19:41:57.388Z [[32minfo[39m]: HTTP POST /upload
2024-09-18T19:42:54.513Z [[32minfo[39m]: HTTP GET /auth/getUser
2024-09-18T19:42:54.514Z [[32minfo[39m]: HTTP GET /auth/getUser
2024-09-18T19:42:54.561Z [[32minfo[39m]: HTTP GET /tags
2024-09-18T19:42:54.607Z [[32minfo[39m]: HTTP GET /posts
2024-09-18T19:43:01.801Z [[32minfo[39m]: HTTP POST /auth/login
2024-09-18T19:43:08.118Z [[32minfo[39m]: HTTP POST /uploads
2024-09-18T19:46:58.882Z [[32minfo[39m]: HTTP GET /auth/getUser
2024-09-18T19:46:58.886Z [[32minfo[39m]: HTTP GET /auth/getUser
2024-09-18T19:46:58.931Z [[32minfo[39m]: HTTP GET /tags
2024-09-18T19:46:58.980Z [[32minfo[39m]: HTTP GET /posts
2024-09-18T19:46:59.504Z [[32minfo[39m]: HTTP GET /auth/getUser
2024-09-18T19:46:59.506Z [[32minfo[39m]: HTTP GET /auth/getUser
2024-09-18T19:46:59.553Z [[32minfo[39m]: HTTP GET /tags
2024-09-18T19:46:59.601Z [[32minfo[39m]: HTTP GET /posts
2024-09-18T19:47:07.767Z [[32minfo[39m]: HTTP POST /auth/login
2024-09-18T19:47:14.225Z [[32minfo[39m]: HTTP POST /upload
2024-09-18T20:01:33.805Z [[32minfo[39m]: HTTP GET /auth/getUser
2024-09-18T20:01:33.809Z [[32minfo[39m]: HTTP GET /auth/getUser
2024-09-18T20:01:33.857Z [[32minfo[39m]: HTTP GET /tags
2024-09-18T20:01:33.907Z [[32minfo[39m]: HTTP GET /posts
2024-09-18T20:01:43.945Z [[32minfo[39m]: HTTP POST /auth/login
2024-09-18T20:01:52.097Z [[32minfo[39m]: HTTP POST /upload
2024-09-18T20:34:07.305Z [[32minfo[39m]: HTTP GET /tags
2024-09-18T20:34:07.355Z [[32minfo[39m]: HTTP GET /posts
2024-09-18T20:34:16.100Z [[32minfo[39m]: HTTP GET /auth/getUser
2024-09-18T20:34:16.101Z [[32minfo[39m]: HTTP GET /auth/getUser
2024-09-18T20:34:16.146Z [[32minfo[39m]: HTTP GET /tags
2024-09-18T20:34:16.233Z [[32minfo[39m]: HTTP GET /posts
2024-09-18T20:35:16.983Z [[32minfo[39m]: HTTP GET /auth/getUser
2024-09-18T20:35:16.985Z [[32minfo[39m]: HTTP GET /auth/getUser
2024-09-18T20:35:17.045Z [[32minfo[39m]: HTTP GET /tags
2024-09-18T20:35:17.095Z [[32minfo[39m]: HTTP GET /posts
2024-09-18T20:36:33.822Z [[32minfo[39m]: HTTP GET /auth/getUser
2024-09-18T20:36:33.834Z [[32minfo[39m]: HTTP GET /auth/getUser
2024-09-18T20:36:33.914Z [[32minfo[39m]: HTTP GET /tags
2024-09-18T20:36:33.962Z [[32minfo[39m]: HTTP GET /posts
2024-09-18T20:36:35.717Z [[32minfo[39m]: HTTP GET /auth/getUser
2024-09-18T20:36:35.718Z [[32minfo[39m]: HTTP GET /auth/getUser
2024-09-18T20:36:35.794Z [[32minfo[39m]: HTTP GET /tags
2024-09-18T20:36:35.844Z [[32minfo[39m]: HTTP GET /posts
2024-09-18T20:36:37.269Z [[32minfo[39m]: HTTP GET /auth/getUser
2024-09-18T20:36:37.270Z [[32minfo[39m]: HTTP GET /auth/getUser
2024-09-18T20:36:37.320Z [[32minfo[39m]: HTTP GET /tags
2024-09-18T20:36:37.365Z [[32minfo[39m]: HTTP GET /posts
2024-09-18T20:36:38.472Z [[32minfo[39m]: HTTP GET /auth/getUser
2024-09-18T20:36:38.472Z [[32minfo[39m]: HTTP GET /auth/getUser
2024-09-18T20:36:38.519Z [[32minfo[39m]: HTTP GET /tags
2024-09-18T20:36:38.566Z [[32minfo[39m]: HTTP GET /posts
2024-09-18T20:36:40.299Z [[32minfo[39m]: HTTP GET /auth/getUser
2024-09-18T20:36:40.300Z [[32minfo[39m]: HTTP GET /auth/getUser
2024-09-18T20:36:40.343Z [[32minfo[39m]: HTTP GET /tags
2024-09-18T20:36:40.394Z [[32minfo[39m]: HTTP GET /posts
2024-09-18T20:37:04.073Z [[32minfo[39m]: HTTP GET /auth/getUser
2024-09-18T20:37:04.080Z [[32minfo[39m]: HTTP GET /auth/getUser
2024-09-18T20:37:04.179Z [[32minfo[39m]: HTTP GET /tags
2024-09-18T20:37:04.223Z [[32minfo[39m]: HTTP GET /posts
2024-09-18T20:37:05.527Z [[32minfo[39m]: HTTP GET /auth/getUser
2024-09-18T20:37:05.528Z [[32minfo[39m]: HTTP GET /auth/getUser
2024-09-18T20:37:05.577Z [[32minfo[39m]: HTTP GET /tags
2024-09-18T20:37:05.622Z [[32minfo[39m]: HTTP GET /posts
2024-09-18T20:37:47.862Z [[32minfo[39m]: HTTP GET /auth/getUser
2024-09-18T20:37:47.866Z [[32minfo[39m]: HTTP GET /auth/getUser
2024-09-18T20:37:47.924Z [[32minfo[39m]: HTTP GET /tags
2024-09-18T20:37:47.970Z [[32minfo[39m]: HTTP GET /posts
2024-09-18T20:37:49.882Z [[32minfo[39m]: HTTP GET /auth/getUser
2024-09-18T20:37:49.883Z [[32minfo[39m]: HTTP GET /auth/getUser
2024-09-18T20:37:49.932Z [[32minfo[39m]: HTTP GET /tags
2024-09-18T20:37:49.977Z [[32minfo[39m]: HTTP GET /posts
2024-09-18T20:37:51.047Z [[32minfo[39m]: HTTP GET /auth/getUser
2024-09-18T20:37:51.048Z [[32minfo[39m]: HTTP GET /auth/getUser
2024-09-18T20:37:51.101Z [[32minfo[39m]: HTTP GET /tags
2024-09-18T20:37:51.148Z [[32minfo[39m]: HTTP GET /posts
2024-09-18T20:38:16.109Z [[32minfo[39m]: HTTP GET /auth/123
2024-09-18T20:38:16.111Z [[32minfo[39m]: HTTP GET /auth/123
2024-09-18T20:38:16.155Z [[32minfo[39m]: HTTP GET /tags
2024-09-18T20:38:16.203Z [[32minfo[39m]: HTTP GET /posts
2024-09-18T20:38:52.622Z [[32minfo[39m]: HTTP GET /auth/getUser
2024-09-18T20:38:52.628Z [[32minfo[39m]: HTTP GET /auth/getUser
2024-09-18T20:38:53.068Z [[32minfo[39m]: HTTP GET /posts
2024-09-18T20:38:53.218Z [[32minfo[39m]: HTTP GET /tags
2024-09-18T20:38:57.297Z [[32minfo[39m]: HTTP GET /auth/getUser
2024-09-18T20:38:57.300Z [[32minfo[39m]: HTTP GET /auth/getUser
2024-09-18T20:38:57.346Z [[32minfo[39m]: HTTP GET /tags
2024-09-18T20:38:57.396Z [[32minfo[39m]: HTTP GET /posts
2024-09-18T20:39:12.178Z [[32minfo[39m]: HTTP POST /auth/login
2024-09-18T20:39:21.101Z [[32minfo[39m]: HTTP GET /tags
2024-09-18T20:39:21.104Z [[32minfo[39m]: HTTP GET /auth/getUser
2024-09-18T20:39:21.152Z [[32minfo[39m]: HTTP GET /posts
2024-09-18T20:39:21.154Z [[32minfo[39m]: HTTP GET /auth/getUser
2024-09-18T20:39:29.244Z [[32minfo[39m]: HTTP GET /tags
2024-09-18T20:39:29.278Z [[32minfo[39m]: HTTP GET /auth/getUser
2024-09-18T20:39:29.292Z [[32minfo[39m]: HTTP GET /posts
2024-09-18T20:39:29.324Z [[32minfo[39m]: HTTP GET /auth/getUser
2024-09-18T20:39:33.737Z [[32minfo[39m]: HTTP GET /auth/getUser
2024-09-18T20:39:33.739Z [[32minfo[39m]: HTTP GET /tags
2024-09-18T20:39:33.796Z [[32minfo[39m]: HTTP GET /posts
2024-09-18T20:39:33.798Z [[32minfo[39m]: HTTP GET /auth/getUser
2024-09-18T20:39:42.430Z [[32minfo[39m]: HTTP GET /auth/getUser
2024-09-18T20:39:42.602Z [[32minfo[39m]: HTTP GET /favicon.ico
